

times in msec
 clock   self+sourced   self:  sourced script
 clock   elapsed:              other lines

000.008  000.008: --- NVIM STARTING ---
000.128  000.120: event init
000.199  000.071: early init
000.239  000.040: locale set
000.267  000.028: init first window
000.477  000.210: inits 1
000.487  000.010: window checked
000.488  000.001: parsing arguments
000.731  000.035  000.035: require('vim.shared')
000.789  000.021  000.021: require('vim._options')
000.789  000.057  000.036: require('vim._editor')
000.790  000.103  000.011: require('vim._init_packages')
000.790  000.199: init lua interpreter
000.825  000.034: expanding arguments
000.844  000.019: inits 2
000.964  000.120: init highlight
000.965  000.000: waiting for UI
001.105  000.140: done waiting for UI
001.108  000.003: clear screen
001.183  000.075: init default mappings & autocommands
001.856  000.026  000.026: sourcing /nix/store/qp7n52hmwisigyq34nfw00wclf9m58mj-neovim-unwrapped-0.9.5/share/nvim/runtime/ftplugin.vim
001.892  000.011  000.011: sourcing /nix/store/qp7n52hmwisigyq34nfw00wclf9m58mj-neovim-unwrapped-0.9.5/share/nvim/runtime/indent.vim
001.987  000.016  000.016: require('vim.loader')
002.637  000.008  000.008: require('vim.fs')
002.709  000.677  000.669: require('lazy')
002.733  000.019  000.019: require('ffi')
002.839  000.102  000.102: require('lazy.stats')
002.921  000.070  000.070: require('lazy.core.util')
003.014  000.093  000.093: require('lazy.core.config')
003.125  000.048  000.048: require('lazy.core.handler')
003.192  000.065  000.065: require('lazy.core.plugin')
003.196  000.181  000.067: require('lazy.core.loader')
003.548  000.034  000.034: require('plugins.cmp')
003.638  000.064  000.064: require('plugins.core')
003.710  000.055  000.055: require('plugins.heirline')
003.776  000.061  000.061: require('plugins.lsp')
003.831  000.038  000.038: require('plugins.misc')
003.870  000.032  000.032: require('plugins.noice')
003.906  000.030  000.030: require('plugins.telescope')
003.972  000.053  000.053: require('plugins.treesitter')
004.081  000.057  000.057: require('utils')
004.088  000.109  000.052: require('plugins.ui')
004.415  000.044  000.044: require('lazy.core.handler.keys')
004.526  000.034  000.034: require('lazy.core.handler.event')
004.527  000.110  000.075: require('lazy.core.handler.ft')
004.551  000.022  000.022: require('lazy.core.handler.cmd')
004.590  000.017  000.017: require('vim.inspect')
004.744  000.003  000.003: require('vim.keymap')
004.800  000.006  000.006: sourcing /nix/store/gi2f3fkliibdb8l6rjfp2xdl0mig6sbd-vimplugin-typst_vim-latest/ftdetect/typst.vim
005.043  000.069  000.069: sourcing /nix/store/qp7n52hmwisigyq34nfw00wclf9m58mj-neovim-unwrapped-0.9.5/share/nvim/runtime/filetype.lua
005.733  000.028  000.028: require('tokyonight.util')
005.929  000.059  000.059: require('tokyonight.colors')
005.932  000.197  000.138: require('tokyonight.theme')
005.995  000.062  000.062: require('tokyonight.config')
005.996  000.463  000.176: require('tokyonight')
006.554  000.005  000.005: require('vim.F')
006.708  000.304  000.300: require('vim.diagnostic')
007.200  001.700  000.932: sourcing /nix/store/29nbfrw3cs75jdy7gxmd2v7yxdvdszil-vimplugin-tokyonight_nvim-latest/colors/tokyonight-moon.lua
007.346  000.030  000.030: sourcing /nix/store/qp7n52hmwisigyq34nfw00wclf9m58mj-neovim-unwrapped-0.9.5/share/nvim/runtime/plugin/editorconfig.lua
007.434  000.070  000.070: sourcing /nix/store/qp7n52hmwisigyq34nfw00wclf9m58mj-neovim-unwrapped-0.9.5/share/nvim/runtime/plugin/gzip.vim
007.454  000.004  000.004: sourcing /nix/store/qp7n52hmwisigyq34nfw00wclf9m58mj-neovim-unwrapped-0.9.5/share/nvim/runtime/plugin/health.vim
007.504  000.035  000.035: sourcing /nix/store/qp7n52hmwisigyq34nfw00wclf9m58mj-neovim-unwrapped-0.9.5/share/nvim/runtime/plugin/man.lua
007.750  000.070  000.070: sourcing /nix/store/qp7n52hmwisigyq34nfw00wclf9m58mj-neovim-unwrapped-0.9.5/share/nvim/runtime/pack/dist/opt/matchit/plugin/matchit.vim
007.795  000.274  000.204: sourcing /nix/store/qp7n52hmwisigyq34nfw00wclf9m58mj-neovim-unwrapped-0.9.5/share/nvim/runtime/plugin/matchit.vim
007.882  000.055  000.055: sourcing /nix/store/qp7n52hmwisigyq34nfw00wclf9m58mj-neovim-unwrapped-0.9.5/share/nvim/runtime/plugin/matchparen.vim
008.042  000.133  000.133: sourcing /nix/store/qp7n52hmwisigyq34nfw00wclf9m58mj-neovim-unwrapped-0.9.5/share/nvim/runtime/plugin/netrwPlugin.vim
008.110  000.036  000.036: sourcing /nix/store/qp7n52hmwisigyq34nfw00wclf9m58mj-neovim-unwrapped-0.9.5/share/nvim/runtime/plugin/nvim.lua
008.254  000.113  000.113: sourcing /nix/store/qp7n52hmwisigyq34nfw00wclf9m58mj-neovim-unwrapped-0.9.5/share/nvim/runtime/plugin/rplugin.vim
008.301  000.025  000.025: sourcing /nix/store/qp7n52hmwisigyq34nfw00wclf9m58mj-neovim-unwrapped-0.9.5/share/nvim/runtime/plugin/shada.vim
008.330  000.009  000.009: sourcing /nix/store/qp7n52hmwisigyq34nfw00wclf9m58mj-neovim-unwrapped-0.9.5/share/nvim/runtime/plugin/spellfile.vim
008.389  000.041  000.041: sourcing /nix/store/qp7n52hmwisigyq34nfw00wclf9m58mj-neovim-unwrapped-0.9.5/share/nvim/runtime/plugin/tarPlugin.vim
008.440  000.031  000.031: sourcing /nix/store/qp7n52hmwisigyq34nfw00wclf9m58mj-neovim-unwrapped-0.9.5/share/nvim/runtime/plugin/tohtml.vim
008.463  000.006  000.006: sourcing /nix/store/qp7n52hmwisigyq34nfw00wclf9m58mj-neovim-unwrapped-0.9.5/share/nvim/runtime/plugin/tutor.vim
008.538  000.057  000.057: sourcing /nix/store/qp7n52hmwisigyq34nfw00wclf9m58mj-neovim-unwrapped-0.9.5/share/nvim/runtime/plugin/zipPlugin.vim
009.148  000.088  000.088: require('smart-splits.lazy')
009.205  000.055  000.055: require('smart-splits.types')
009.211  000.439  000.296: require('smart-splits')
009.275  007.369  002.409: sourcing /nix/store/6rbzivhxdw4l0mdb1k3hn2z7if3652a7-asa1984-nvim-config-latest/init.lua
009.276  000.688: sourcing vimrc file(s)
009.342  000.025  000.025: sourcing /nix/store/qp7n52hmwisigyq34nfw00wclf9m58mj-neovim-unwrapped-0.9.5/share/nvim/runtime/filetype.lua
009.452  000.034  000.034: sourcing /nix/store/qp7n52hmwisigyq34nfw00wclf9m58mj-neovim-unwrapped-0.9.5/share/nvim/runtime/syntax/synload.vim
009.485  000.103  000.070: sourcing /nix/store/qp7n52hmwisigyq34nfw00wclf9m58mj-neovim-unwrapped-0.9.5/share/nvim/runtime/syntax/syntax.vim
009.491  000.087: inits 3
010.854  001.363: reading ShaDa
011.036  000.182: opening buffers
011.445  000.195  000.195: require('heirline.conditions')
011.489  000.042  000.042: require('heirline.utils')
011.566  000.420  000.183: require('plugins.heirline.statusline')
011.636  000.069  000.069: require('plugins.heirline.tabline')
011.918  000.090  000.090: require('heirline.highlights')
011.923  000.156  000.066: require('heirline.statusline')
011.927  000.222  000.065: require('heirline')
012.163  000.416: BufEnter autocommands
012.164  000.002: editing files in windows
012.888  000.122  000.122: require('plenary.bit')
012.993  000.102  000.102: require('plenary.functional')
013.010  000.481  000.256: require('plenary.path')
013.058  000.047  000.047: require('alpha.themes.dashboard')
013.075  000.787  000.260: require('alpha.themes.theta')
013.154  000.072  000.072: require('alpha')
014.092  000.049  000.049: require('vim.version')
015.919  000.480  000.480: require('nvim-web-devicons.icons-default')
016.028  000.809  000.328: require('nvim-web-devicons')
017.537  003.656: VimEnter autocommands
017.551  000.014: UIEnter autocommands
017.708  000.115  000.115: sourcing /nix/store/qp7n52hmwisigyq34nfw00wclf9m58mj-neovim-unwrapped-0.9.5/share/nvim/runtime/autoload/provider/clipboard.vim
017.711  000.045: before starting main loop
018.258  000.037  000.037: require('vim.lsp.log')
018.429  000.169  000.169: require('vim.lsp.protocol')
018.549  000.036  000.036: require('vim.lsp._snippet')
018.574  000.023  000.023: require('vim.highlight')
018.580  000.149  000.090: require('vim.lsp.util')
018.585  000.400  000.044: require('vim.lsp.handlers')
018.635  000.050  000.050: require('vim.lsp.rpc')
018.660  000.024  000.024: require('vim.lsp.sync')
018.722  000.062  000.062: require('vim.lsp.semantic_tokens')
018.795  000.072  000.072: require('vim.lsp.buf')
018.829  000.033  000.033: require('vim.lsp.diagnostic')
018.872  000.034  000.034: require('vim.lsp.codelens')
018.905  000.799  000.125: require('vim.lsp')
019.043  000.533: first screen update
019.044  000.001: --- NVIM STARTED ---


times in msec
 clock   self+sourced   self:  sourced script
 clock   elapsed:              other lines

000.007  000.007: --- NVIM STARTING ---
000.118  000.112: event init
000.178  000.060: early init
000.205  000.026: locale set
000.232  000.027: init first window
000.418  000.186: inits 1
000.422  000.004: window checked
000.423  000.002: parsing arguments
000.693  000.042  000.042: require('vim.shared')
000.766  000.027  000.027: require('vim._options')
000.767  000.072  000.045: require('vim._editor')
000.768  000.133  000.018: require('vim._init_packages')
000.769  000.213: init lua interpreter
001.185  000.416: expanding arguments
001.216  000.030: inits 2
001.348  000.132: init highlight


times in msec
 clock   self+sourced   self:  sourced script
 clock   elapsed:              other lines

000.007  000.007: --- NVIM STARTING ---
000.125  000.118: event init
000.185  000.060: early init
000.225  000.041: locale set
000.248  000.023: init first window
000.418  000.169: inits 1
000.428  000.010: window checked
000.429  000.001: parsing arguments
000.684  000.037  000.037: require('vim.shared')
000.743  000.021  000.021: require('vim._options')
000.743  000.058  000.037: require('vim._editor')
000.744  000.106  000.012: require('vim._init_packages')
000.745  000.209: init lua interpreter
000.781  000.037: expanding arguments
000.800  000.019: inits 2
000.922  000.122: init highlight
000.922  000.000: waiting for UI
001.052  000.129: done waiting for UI
001.055  000.003: clear screen
001.130  000.075: init default mappings & autocommands
001.798  000.027  000.027: sourcing /nix/store/qp7n52hmwisigyq34nfw00wclf9m58mj-neovim-unwrapped-0.9.5/share/nvim/runtime/ftplugin.vim
001.833  000.011  000.011: sourcing /nix/store/qp7n52hmwisigyq34nfw00wclf9m58mj-neovim-unwrapped-0.9.5/share/nvim/runtime/indent.vim
001.929  000.017  000.017: require('vim.loader')
002.592  000.008  000.008: require('vim.fs')
002.664  000.691  000.683: require('lazy')
002.683  000.012  000.012: require('ffi')
002.743  000.056  000.056: require('lazy.stats')
002.881  000.127  000.127: require('lazy.core.util')
002.975  000.092  000.092: require('lazy.core.config')
003.046  000.026  000.026: require('lazy.core.handler')
003.097  000.051  000.051: require('lazy.core.plugin')
003.099  000.124  000.047: require('lazy.core.loader')
003.454  000.051  000.051: require('plugins.cmp')
003.509  000.032  000.032: require('plugins.core')
003.588  000.062  000.062: require('plugins.heirline')
003.678  000.086  000.086: require('plugins.lsp')
003.727  000.031  000.031: require('plugins.misc')
003.771  000.038  000.038: require('plugins.noice')
003.808  000.031  000.031: require('plugins.telescope')
003.867  000.040  000.040: require('plugins.treesitter')
003.961  000.041  000.041: require('utils')
003.967  000.093  000.052: require('plugins.ui')
004.255  000.033  000.033: require('lazy.core.handler.event')
004.257  000.098  000.065: require('lazy.core.handler.ft')
004.291  000.033  000.033: require('lazy.core.handler.cmd')
004.323  000.031  000.031: require('lazy.core.handler.keys')
004.374  000.016  000.016: require('vim.inspect')
004.478  000.002  000.002: require('vim.keymap')
004.590  000.006  000.006: sourcing /nix/store/gi2f3fkliibdb8l6rjfp2xdl0mig6sbd-vimplugin-typst_vim-latest/ftdetect/typst.vim
004.743  000.067  000.067: sourcing /nix/store/qp7n52hmwisigyq34nfw00wclf9m58mj-neovim-unwrapped-0.9.5/share/nvim/runtime/filetype.lua
005.441  000.026  000.026: require('tokyonight.util')
005.593  000.035  000.035: require('tokyonight.colors')
005.594  000.152  000.116: require('tokyonight.theme')
005.649  000.054  000.054: require('tokyonight.config')
005.650  000.406  000.174: require('tokyonight')
006.217  000.008  000.008: require('vim.F')
006.361  000.325  000.317: require('vim.diagnostic')
006.871  001.663  000.933: sourcing /nix/store/29nbfrw3cs75jdy7gxmd2v7yxdvdszil-vimplugin-tokyonight_nvim-latest/colors/tokyonight-moon.lua
007.037  000.044  000.044: sourcing /nix/store/qp7n52hmwisigyq34nfw00wclf9m58mj-neovim-unwrapped-0.9.5/share/nvim/runtime/plugin/editorconfig.lua
007.152  000.090  000.090: sourcing /nix/store/qp7n52hmwisigyq34nfw00wclf9m58mj-neovim-unwrapped-0.9.5/share/nvim/runtime/plugin/gzip.vim
007.179  000.004  000.004: sourcing /nix/store/qp7n52hmwisigyq34nfw00wclf9m58mj-neovim-unwrapped-0.9.5/share/nvim/runtime/plugin/health.vim
007.251  000.056  000.056: sourcing /nix/store/qp7n52hmwisigyq34nfw00wclf9m58mj-neovim-unwrapped-0.9.5/share/nvim/runtime/plugin/man.lua
007.506  000.070  000.070: sourcing /nix/store/qp7n52hmwisigyq34nfw00wclf9m58mj-neovim-unwrapped-0.9.5/share/nvim/runtime/pack/dist/opt/matchit/plugin/matchit.vim
007.552  000.283  000.212: sourcing /nix/store/qp7n52hmwisigyq34nfw00wclf9m58mj-neovim-unwrapped-0.9.5/share/nvim/runtime/plugin/matchit.vim
007.641  000.057  000.057: sourcing /nix/store/qp7n52hmwisigyq34nfw00wclf9m58mj-neovim-unwrapped-0.9.5/share/nvim/runtime/plugin/matchparen.vim
007.785  000.129  000.129: sourcing /nix/store/qp7n52hmwisigyq34nfw00wclf9m58mj-neovim-unwrapped-0.9.5/share/nvim/runtime/plugin/netrwPlugin.vim
007.835  000.028  000.028: sourcing /nix/store/qp7n52hmwisigyq34nfw00wclf9m58mj-neovim-unwrapped-0.9.5/share/nvim/runtime/plugin/nvim.lua
007.961  000.107  000.107: sourcing /nix/store/qp7n52hmwisigyq34nfw00wclf9m58mj-neovim-unwrapped-0.9.5/share/nvim/runtime/plugin/rplugin.vim
008.007  000.025  000.025: sourcing /nix/store/qp7n52hmwisigyq34nfw00wclf9m58mj-neovim-unwrapped-0.9.5/share/nvim/runtime/plugin/shada.vim
008.048  000.009  000.009: sourcing /nix/store/qp7n52hmwisigyq34nfw00wclf9m58mj-neovim-unwrapped-0.9.5/share/nvim/runtime/plugin/spellfile.vim
008.115  000.041  000.041: sourcing /nix/store/qp7n52hmwisigyq34nfw00wclf9m58mj-neovim-unwrapped-0.9.5/share/nvim/runtime/plugin/tarPlugin.vim
008.169  000.031  000.031: sourcing /nix/store/qp7n52hmwisigyq34nfw00wclf9m58mj-neovim-unwrapped-0.9.5/share/nvim/runtime/plugin/tohtml.vim
008.193  000.006  000.006: sourcing /nix/store/qp7n52hmwisigyq34nfw00wclf9m58mj-neovim-unwrapped-0.9.5/share/nvim/runtime/plugin/tutor.vim
008.273  000.057  000.057: sourcing /nix/store/qp7n52hmwisigyq34nfw00wclf9m58mj-neovim-unwrapped-0.9.5/share/nvim/runtime/plugin/zipPlugin.vim
008.880  000.090  000.090: require('smart-splits.lazy')
008.956  000.074  000.074: require('smart-splits.types')
008.968  000.481  000.317: require('smart-splits')
009.084  007.238  002.292: sourcing /nix/store/6rbzivhxdw4l0mdb1k3hn2z7if3652a7-asa1984-nvim-config-latest/init.lua
009.086  000.681: sourcing vimrc file(s)
009.153  000.024  000.024: sourcing /nix/store/qp7n52hmwisigyq34nfw00wclf9m58mj-neovim-unwrapped-0.9.5/share/nvim/runtime/filetype.lua
009.263  000.033  000.033: sourcing /nix/store/qp7n52hmwisigyq34nfw00wclf9m58mj-neovim-unwrapped-0.9.5/share/nvim/runtime/syntax/synload.vim
009.295  000.102  000.069: sourcing /nix/store/qp7n52hmwisigyq34nfw00wclf9m58mj-neovim-unwrapped-0.9.5/share/nvim/runtime/syntax/syntax.vim
009.301  000.089: inits 3
010.621  001.320: reading ShaDa
010.800  000.179: opening buffers
011.155  000.187  000.187: require('heirline.conditions')
011.208  000.051  000.051: require('heirline.utils')
011.270  000.354  000.115: require('plugins.heirline.statusline')
011.329  000.058  000.058: require('plugins.heirline.tabline')
011.680  000.047  000.047: require('heirline.highlights')
011.686  000.177  000.129: require('heirline.statusline')
011.690  000.247  000.070: require('heirline')
011.977  000.518: BufEnter autocommands
011.979  000.002: editing files in windows
012.641  000.103  000.103: require('plenary.bit')
012.738  000.095  000.095: require('plenary.functional')
012.755  000.423  000.224: require('plenary.path')
012.801  000.045  000.045: require('alpha.themes.dashboard')
012.816  000.728  000.260: require('alpha.themes.theta')
012.895  000.073  000.073: require('alpha')
013.855  000.045  000.045: require('vim.version')
015.622  000.382  000.382: require('nvim-web-devicons.icons-default')
015.757  000.694  000.311: require('nvim-web-devicons')
017.468  003.950: VimEnter autocommands
017.482  000.014: UIEnter autocommands
017.639  000.116  000.116: sourcing /nix/store/qp7n52hmwisigyq34nfw00wclf9m58mj-neovim-unwrapped-0.9.5/share/nvim/runtime/autoload/provider/clipboard.vim
017.642  000.044: before starting main loop
018.233  000.039  000.039: require('vim.lsp.log')
018.424  000.189  000.189: require('vim.lsp.protocol')
018.545  000.038  000.038: require('vim.lsp._snippet')
018.573  000.027  000.027: require('vim.highlight')
018.580  000.155  000.090: require('vim.lsp.util')
018.586  000.429  000.046: require('vim.lsp.handlers')
018.645  000.058  000.058: require('vim.lsp.rpc')
018.668  000.022  000.022: require('vim.lsp.sync')
018.721  000.053  000.053: require('vim.lsp.semantic_tokens')
018.791  000.069  000.069: require('vim.lsp.buf')
018.827  000.034  000.034: require('vim.lsp.diagnostic')
018.885  000.043  000.043: require('vim.lsp.codelens')
018.908  000.845  000.137: require('vim.lsp')
019.062  000.576: first screen update
019.063  000.001: --- NVIM STARTED ---


times in msec
 clock   self+sourced   self:  sourced script
 clock   elapsed:              other lines

000.005  000.005: --- NVIM STARTING ---
000.095  000.090: event init
000.150  000.054: early init
000.175  000.026: locale set
000.203  000.027: init first window
000.381  000.179: inits 1
000.386  000.004: window checked
000.387  000.002: parsing arguments
000.625  000.034  000.034: require('vim.shared')
000.719  000.023  000.023: require('vim._options')
000.720  000.093  000.069: require('vim._editor')
000.720  000.143  000.017: require('vim._init_packages')
000.721  000.191: init lua interpreter
001.174  000.452: expanding arguments
001.203  000.029: inits 2
001.338  000.135: init highlight


times in msec
 clock   self+sourced   self:  sourced script
 clock   elapsed:              other lines

000.007  000.007: --- NVIM STARTING ---
000.099  000.092: event init
000.148  000.049: early init
000.181  000.034: locale set
000.201  000.020: init first window
000.345  000.144: inits 1
000.354  000.009: window checked
000.355  000.001: parsing arguments
000.577  000.037  000.037: require('vim.shared')
000.641  000.023  000.023: require('vim._options')
000.642  000.063  000.040: require('vim._editor')
000.642  000.112  000.013: require('vim._init_packages')
000.643  000.176: init lua interpreter
000.678  000.035: expanding arguments
000.698  000.020: inits 2
000.831  000.133: init highlight
000.831  000.000: waiting for UI
000.974  000.142: done waiting for UI
000.977  000.004: clear screen
001.054  000.077: init default mappings & autocommands
001.734  000.027  000.027: sourcing /nix/store/qp7n52hmwisigyq34nfw00wclf9m58mj-neovim-unwrapped-0.9.5/share/nvim/runtime/ftplugin.vim
001.769  000.011  000.011: sourcing /nix/store/qp7n52hmwisigyq34nfw00wclf9m58mj-neovim-unwrapped-0.9.5/share/nvim/runtime/indent.vim
001.864  000.016  000.016: require('vim.loader')
002.513  000.008  000.008: require('vim.fs')
002.581  000.672  000.664: require('lazy')
002.599  000.011  000.011: require('ffi')
002.659  000.057  000.057: require('lazy.stats')
002.802  000.131  000.131: require('lazy.core.util')
002.904  000.101  000.101: require('lazy.core.config')
002.979  000.034  000.034: require('lazy.core.handler')
003.031  000.051  000.051: require('lazy.core.plugin')
003.036  000.131  000.046: require('lazy.core.loader')
003.363  000.033  000.033: require('plugins.cmp')
003.426  000.041  000.041: require('plugins.core')
003.509  000.066  000.066: require('plugins.heirline')
003.616  000.102  000.102: require('plugins.lsp')
003.664  000.033  000.033: require('plugins.misc')
003.715  000.032  000.032: require('plugins.noice')
003.762  000.034  000.034: require('plugins.telescope')
003.815  000.035  000.035: require('plugins.treesitter')
003.908  000.042  000.042: require('utils')
003.915  000.093  000.050: require('plugins.ui')
004.234  000.082  000.082: require('lazy.core.handler.event')
004.267  000.029  000.029: require('lazy.core.handler.cmd')
004.289  000.021  000.021: require('lazy.core.handler.ft')
004.313  000.023  000.023: require('lazy.core.handler.keys')
004.390  000.016  000.016: require('vim.inspect')
004.574  000.003  000.003: require('vim.keymap')
004.657  000.006  000.006: sourcing /nix/store/gi2f3fkliibdb8l6rjfp2xdl0mig6sbd-vimplugin-typst_vim-latest/ftdetect/typst.vim
004.783  000.069  000.069: sourcing /nix/store/qp7n52hmwisigyq34nfw00wclf9m58mj-neovim-unwrapped-0.9.5/share/nvim/runtime/filetype.lua
005.436  000.049  000.049: require('tokyonight.util')
005.629  000.054  000.054: require('tokyonight.colors')
005.631  000.193  000.138: require('tokyonight.theme')
005.758  000.126  000.126: require('tokyonight.config')
005.761  000.482  000.115: require('tokyonight')
006.344  000.007  000.007: require('vim.F')
006.500  000.345  000.338: require('vim.diagnostic')
007.045  001.789  000.962: sourcing /nix/store/29nbfrw3cs75jdy7gxmd2v7yxdvdszil-vimplugin-tokyonight_nvim-latest/colors/tokyonight-moon.lua
007.214  000.031  000.031: sourcing /nix/store/qp7n52hmwisigyq34nfw00wclf9m58mj-neovim-unwrapped-0.9.5/share/nvim/runtime/plugin/editorconfig.lua
007.306  000.072  000.072: sourcing /nix/store/qp7n52hmwisigyq34nfw00wclf9m58mj-neovim-unwrapped-0.9.5/share/nvim/runtime/plugin/gzip.vim
007.326  000.004  000.004: sourcing /nix/store/qp7n52hmwisigyq34nfw00wclf9m58mj-neovim-unwrapped-0.9.5/share/nvim/runtime/plugin/health.vim
007.388  000.048  000.048: sourcing /nix/store/qp7n52hmwisigyq34nfw00wclf9m58mj-neovim-unwrapped-0.9.5/share/nvim/runtime/plugin/man.lua
007.641  000.071  000.071: sourcing /nix/store/qp7n52hmwisigyq34nfw00wclf9m58mj-neovim-unwrapped-0.9.5/share/nvim/runtime/pack/dist/opt/matchit/plugin/matchit.vim
007.686  000.279  000.208: sourcing /nix/store/qp7n52hmwisigyq34nfw00wclf9m58mj-neovim-unwrapped-0.9.5/share/nvim/runtime/plugin/matchit.vim
007.777  000.056  000.056: sourcing /nix/store/qp7n52hmwisigyq34nfw00wclf9m58mj-neovim-unwrapped-0.9.5/share/nvim/runtime/plugin/matchparen.vim
007.922  000.130  000.130: sourcing /nix/store/qp7n52hmwisigyq34nfw00wclf9m58mj-neovim-unwrapped-0.9.5/share/nvim/runtime/plugin/netrwPlugin.vim
007.982  000.039  000.039: sourcing /nix/store/qp7n52hmwisigyq34nfw00wclf9m58mj-neovim-unwrapped-0.9.5/share/nvim/runtime/plugin/nvim.lua
008.110  000.107  000.107: sourcing /nix/store/qp7n52hmwisigyq34nfw00wclf9m58mj-neovim-unwrapped-0.9.5/share/nvim/runtime/plugin/rplugin.vim
008.157  000.025  000.025: sourcing /nix/store/qp7n52hmwisigyq34nfw00wclf9m58mj-neovim-unwrapped-0.9.5/share/nvim/runtime/plugin/shada.vim
008.192  000.009  000.009: sourcing /nix/store/qp7n52hmwisigyq34nfw00wclf9m58mj-neovim-unwrapped-0.9.5/share/nvim/runtime/plugin/spellfile.vim
008.250  000.041  000.041: sourcing /nix/store/qp7n52hmwisigyq34nfw00wclf9m58mj-neovim-unwrapped-0.9.5/share/nvim/runtime/plugin/tarPlugin.vim
008.304  000.031  000.031: sourcing /nix/store/qp7n52hmwisigyq34nfw00wclf9m58mj-neovim-unwrapped-0.9.5/share/nvim/runtime/plugin/tohtml.vim
008.327  000.006  000.006: sourcing /nix/store/qp7n52hmwisigyq34nfw00wclf9m58mj-neovim-unwrapped-0.9.5/share/nvim/runtime/plugin/tutor.vim
008.402  000.057  000.057: sourcing /nix/store/qp7n52hmwisigyq34nfw00wclf9m58mj-neovim-unwrapped-0.9.5/share/nvim/runtime/plugin/zipPlugin.vim
009.015  000.073  000.073: require('smart-splits.lazy')
009.095  000.079  000.079: require('smart-splits.types')
009.117  000.489  000.338: require('smart-splits')
009.284  007.501  002.454: sourcing /nix/store/6rbzivhxdw4l0mdb1k3hn2z7if3652a7-asa1984-nvim-config-latest/init.lua
009.286  000.693: sourcing vimrc file(s)
009.356  000.027  000.027: sourcing /nix/store/qp7n52hmwisigyq34nfw00wclf9m58mj-neovim-unwrapped-0.9.5/share/nvim/runtime/filetype.lua
009.466  000.033  000.033: sourcing /nix/store/qp7n52hmwisigyq34nfw00wclf9m58mj-neovim-unwrapped-0.9.5/share/nvim/runtime/syntax/synload.vim
009.498  000.103  000.071: sourcing /nix/store/qp7n52hmwisigyq34nfw00wclf9m58mj-neovim-unwrapped-0.9.5/share/nvim/runtime/syntax/syntax.vim
009.504  000.088: inits 3
010.822  001.318: reading ShaDa
010.998  000.176: opening buffers
011.307  000.136  000.136: require('heirline.conditions')
011.378  000.069  000.069: require('heirline.utils')
011.389  000.265  000.060: require('plugins.heirline.statusline')
011.431  000.041  000.041: require('plugins.heirline.tabline')
011.650  000.053  000.053: require('heirline.highlights')
011.654  000.152  000.098: require('heirline.statusline')
011.656  000.185  000.034: require('heirline')
011.972  000.483: BufEnter autocommands
011.973  000.002: editing files in windows
012.521  000.121  000.121: require('plenary.bit')
012.614  000.091  000.091: require('plenary.functional')
012.628  000.374  000.162: require('plenary.path')
012.674  000.045  000.045: require('alpha.themes.dashboard')
012.684  000.633  000.214: require('alpha.themes.theta')
012.759  000.061  000.061: require('alpha')
013.549  000.049  000.049: require('vim.version')
015.525  000.508  000.508: require('nvim-web-devicons.icons-default')
015.611  000.839  000.331: require('nvim-web-devicons')
017.244  003.689: VimEnter autocommands
017.258  000.014: UIEnter autocommands
017.413  000.114  000.114: sourcing /nix/store/qp7n52hmwisigyq34nfw00wclf9m58mj-neovim-unwrapped-0.9.5/share/nvim/runtime/autoload/provider/clipboard.vim
017.416  000.044: before starting main loop
017.945  000.052  000.052: require('vim.lsp.log')
018.141  000.193  000.193: require('vim.lsp.protocol')
018.240  000.038  000.038: require('vim.lsp._snippet')
018.278  000.037  000.037: require('vim.highlight')
018.286  000.144  000.068: require('vim.lsp.util')
018.291  000.436  000.047: require('vim.lsp.handlers')
018.341  000.049  000.049: require('vim.lsp.rpc')
018.379  000.036  000.036: require('vim.lsp.sync')
018.458  000.079  000.079: require('vim.lsp.semantic_tokens')
018.529  000.070  000.070: require('vim.lsp.buf')
018.563  000.033  000.033: require('vim.lsp.diagnostic')
018.612  000.037  000.037: require('vim.lsp.codelens')
018.635  000.870  000.131: require('vim.lsp')
018.770  000.484: first screen update
018.771  000.001: --- NVIM STARTED ---


times in msec
 clock   self+sourced   self:  sourced script
 clock   elapsed:              other lines

000.007  000.007: --- NVIM STARTING ---
000.111  000.103: event init
000.173  000.063: early init
000.206  000.033: locale set
000.238  000.031: init first window
000.458  000.220: inits 1
000.463  000.005: window checked
000.465  000.002: parsing arguments
000.750  000.044  000.044: require('vim.shared')
000.822  000.026  000.026: require('vim._options')
000.823  000.070  000.044: require('vim._editor')
000.824  000.132  000.018: require('vim._init_packages')
000.825  000.228: init lua interpreter
001.272  000.447: expanding arguments
001.303  000.031: inits 2
001.441  000.139: init highlight
